23:14:11.094 ============================================================
23:14:11.094 [SUMMARY] total write() calls: 0
23:14:11.094 [SUMMARY] total queue puts: 0
23:14:11.094 [SUMMARY] registered IDs: set()
23:14:11.094 [SUMMARY] No users seen yet
23:14:11.094 ============================================================
23:14:11.094 [REGISTERED] player IDs: {741019038444159068}
23:14:11.094 [REGISTERED] ID types: ['int']
23:14:45.390 ============================================================
23:14:45.390 [SUMMARY] total write() calls: 0
23:14:45.390 [SUMMARY] total queue puts: 0
23:14:45.390 [SUMMARY] registered IDs: {741019038444159068}
23:14:45.390 [SUMMARY] No users seen yet
23:14:45.390 ============================================================
23:14:46.203 ============================================================
23:14:46.203 [SUMMARY] total write() calls: 0
23:14:46.203 [SUMMARY] total queue puts: 0
23:14:46.203 [SUMMARY] registered IDs: {741019038444159068}
23:14:46.203 [SUMMARY] No users seen yet
23:14:46.203 ============================================================
23:14:46.203 [REGISTERED] player IDs: {741019038444159068}
23:14:46.203 [REGISTERED] ID types: ['int']
